  timingSorting.cpp
d:\occidental sr year\algorithm analysis\timingsorting\timingsorting\timingsorting.cpp(54): warning C4018: '<': signed/unsigned mismatch
d:\occidental sr year\algorithm analysis\timingsorting\timingsorting\timingsorting.cpp(69): warning C4018: '<': signed/unsigned mismatch
d:\occidental sr year\algorithm analysis\timingsorting\timingsorting\timingsorting.cpp(72): warning C4018: '<': signed/unsigned mismatch
d:\occidental sr year\algorithm analysis\timingsorting\timingsorting\timingsorting.cpp(111): warning C4018: '<': signed/unsigned mismatch
d:\occidental sr year\algorithm analysis\timingsorting\timingsorting\timingsorting.cpp(114): warning C4018: '<': signed/unsigned mismatch
d:\occidental sr year\algorithm analysis\timingsorting\timingsorting\timingsorting.cpp(123): warning C4018: '<': signed/unsigned mismatch
d:\occidental sr year\algorithm analysis\timingsorting\timingsorting\timingsorting.cpp(183): warning C4244: 'initializing': conversion from 'double' to 'int', possible loss of data
d:\occidental sr year\algorithm analysis\timingsorting\timingsorting\timingsorting.cpp(230): warning C4018: '<': signed/unsigned mismatch
d:\occidental sr year\algorithm analysis\timingsorting\timingsorting\timingsorting.cpp(238): warning C4244: '=': conversion from '__int64' to 'double', possible loss of data
d:\occidental sr year\algorithm analysis\timingsorting\timingsorting\timingsorting.cpp(265): warning C4018: '<': signed/unsigned mismatch
d:\occidental sr year\algorithm analysis\timingsorting\timingsorting\timingsorting.cpp(273): warning C4244: '=': conversion from '__int64' to 'double', possible loss of data
d:\occidental sr year\algorithm analysis\timingsorting\timingsorting\timingsorting.cpp(298): warning C4018: '<': signed/unsigned mismatch
d:\occidental sr year\algorithm analysis\timingsorting\timingsorting\timingsorting.cpp(306): warning C4244: '=': conversion from '__int64' to 'double', possible loss of data
d:\occidental sr year\algorithm analysis\timingsorting\timingsorting\timingsorting.cpp(331): warning C4018: '<': signed/unsigned mismatch
d:\occidental sr year\algorithm analysis\timingsorting\timingsorting\timingsorting.cpp(339): warning C4244: '=': conversion from '__int64' to 'double', possible loss of data
d:\occidental sr year\algorithm analysis\timingsorting\timingsorting\timingsorting.cpp(364): warning C4018: '<': signed/unsigned mismatch
d:\occidental sr year\algorithm analysis\timingsorting\timingsorting\timingsorting.cpp(372): warning C4244: '=': conversion from '__int64' to 'double', possible loss of data
d:\occidental sr year\algorithm analysis\timingsorting\timingsorting\timingsorting.cpp(397): warning C4018: '<': signed/unsigned mismatch
d:\occidental sr year\algorithm analysis\timingsorting\timingsorting\timingsorting.cpp(405): warning C4244: '=': conversion from '__int64' to 'double', possible loss of data
d:\occidental sr year\algorithm analysis\timingsorting\timingsorting\timingsorting.cpp(430): warning C4018: '<': signed/unsigned mismatch
d:\occidental sr year\algorithm analysis\timingsorting\timingsorting\timingsorting.cpp(438): warning C4244: '=': conversion from '__int64' to 'double', possible loss of data
  timingSorting.vcxproj -> D:\Occidental Sr Year\Algorithm Analysis\timingSorting\Debug\timingSorting.exe
  timingSorting.vcxproj -> D:\Occidental Sr Year\Algorithm Analysis\timingSorting\Debug\timingSorting.pdb (Partial PDB)
